[handleMsg]:  {
  key: {
    remoteJid: '573104641740@s.whatsapp.net',
    fromMe: false,
    id: '51C44060CC7773045B9ECB4EA2BED807',
    participant: undefined
  },
  messageTimestamp: 1733492388,
  pushName: 'Eri',
  broadcast: false,
  message: Message {
    conversation: 'F',
    messageContextInfo: MessageContextInfo {
      deviceListMetadata: [DeviceListMetadata],
      deviceListMetadataVersion: 2,
      messageSecret: [Uint8Array]
    }
  },
  body: 'F',
  from: '573104641740'
}
[QUEUE_SE_ENVIO]:  {
  ref: 'ans_54f9c364-cbf9-4e3f-889e-396d0c458927',
  keyword: 'key_01d3c886-428a-4187-9914-c576bcdc0b17',
  answer: '🙌 Hola ¡Bienvenido al chat de la *Papelería Universal*! 🎉🖊️',
  options: {
    media: 'https://res.cloudinary.com/dsbefctsf/image/upload/v1733254836/DEV/papelera_distribuidora_universal_cover_tpk1tf.jpg',
    buttons: [],
    capture: false,
    child: null,
    delay: 0,
    idle: null,
    ref: null,
    nested: [],
    keyword: {},
    callback: true
  },
  refSerialize: 'b90dc602318aa762e56964f294611cb1'
}
[QUEUE_SE_ENVIO]:  {
  ref: 'ans_4d1b248f-0bf0-4fc6-93ea-813482df4231',
  keyword: 'ans_54f9c364-cbf9-4e3f-889e-396d0c458927',
  answer: 'Estamos aquí para asesorarte con todo lo que necesites.\n' +
    'Nuestros asesores son:',
  options: {
    media: null,
    buttons: [],
    capture: false,
    child: null,
    delay: 1000,
    idle: null,
    ref: null,
    nested: [],
    keyword: {},
    callback: false
  },
  refSerialize: '49fd10fc22fbc42b7a72ac9c2ab38a06'
}
[QUEUE_SE_ENVIO]:  {
  ref: 'ans_949a1c9a-6a34-413f-be0d-1175279f77cd',
  keyword: 'ans_4d1b248f-0bf0-4fc6-93ea-813482df4231',
  answer: '1️⃣. *Callcenter*\n' +
    '2️⃣. *Cony*\n' +
    '3️⃣. *Jazmín*\n' +
    '4️⃣. *Jennifer*\n' +
    '5️⃣. *Karen*\n' +
    '6️⃣. *Paola*',
  options: {
    media: null,
    buttons: [],
    capture: false,
    child: null,
    delay: 0,
    idle: null,
    ref: null,
    nested: [],
    keyword: {},
    callback: false
  },
  refSerialize: '031bb5180ecb1634e1e661b14df755c3'
}
[QUEUE_SE_ENVIO]:  {
  ref: 'ans_b33e1809-8dbc-409d-85cb-7c1a1d538f6a',
  keyword: 'ans_949a1c9a-6a34-413f-be0d-1175279f77cd',
  answer: 'Selecciona tu opción de preferencia\n' +
    'Debes de responder antes de que transcurran 2 minutos',
  options: {
    media: null,
    buttons: [],
    capture: true,
    child: null,
    delay: 0,
    idle: 120000,
    ref: null,
    nested: [
      [Object], [Object], [Object],
      [Object], [Object], [Object],
      [Object], [Object], [Object],
      [Object], [Object], [Object],
      [Object], [Object], [Object],
      [Object], [Object], [Object],
      [Object], [Object], [Object]
    ],
    keyword: {},
    callback: true
  },
  refSerialize: '07d502bfe8853fca6157d63c60c17f4a'
}
[handleMsg]:  {
  key: {
    remoteJid: '573222799548@s.whatsapp.net',
    fromMe: false,
    id: '3A7E43DD57E3EE4CFB3A',
    participant: undefined
  },
  messageTimestamp: 1733492743,
  pushName: 'Mai 🦋✨',
  broadcast: false,
  message: Message {
    videoMessage: VideoMessage {
      interactiveAnnotations: [],
      url: 'https://mmg.whatsapp.net/v/t62.7161-24/30081016_3698204950470201_5151814843041860119_n.enc?ccb=11-4&oh=01_Q5AaIHx0QLWmUic3vm3VSI_FJoNi5hD7-4HMcWKWVIYc9Yzx&oe=677A6BDD&_nc_sid=5e03e0&mms3=true',
      mimetype: 'video/mp4',
      fileSha256: [Uint8Array],
      fileLength: [Long],
      seconds: 12,
      mediaKey: [Uint8Array],
      height: 848,
      width: 480,
      fileEncSha256: [Uint8Array],
      directPath: '/v/t62.7161-24/30081016_3698204950470201_5151814843041860119_n.enc?ccb=11-4&oh=01_Q5AaIHx0QLWmUic3vm3VSI_FJoNi5hD7-4HMcWKWVIYc9Yzx&oe=677A6BDD&_nc_sid=5e03e0',
      mediaKeyTimestamp: [Long],
      jpegThumbnail: [Uint8Array],
      streamingSidecar: [Uint8Array]
    },
    messageContextInfo: MessageContextInfo {
      deviceListMetadata: [DeviceListMetadata],
      deviceListMetadataVersion: 2,
      messageSecret: [Uint8Array]
    }
  },
  body: '_event_media__bb0bb1bc-4e5e-4993-a0d6-597298cffad2',
  from: '573222799548'
}
[handleMsg]:  {
  key: {
    remoteJid: '573222799548@s.whatsapp.net',
    fromMe: false,
    id: '3A55AB6465D2777EAF49',
    participant: undefined
  },
  messageTimestamp: 1733492760,
  pushName: 'Mai 🦋✨',
  broadcast: false,
  message: Message {
    conversation: 'Pero ya escribí y me dijeron que trate de prenderla a pata, cosa que no está dejando y la\n' +
      'Lleve a revisión',
    messageContextInfo: MessageContextInfo {
      deviceListMetadata: [DeviceListMetadata],
      deviceListMetadataVersion: 2,
      messageSecret: [Uint8Array]
    }
  },
  body: 'Pero ya escribí y me dijeron que trate de prenderla a pata, cosa que no está dejando y la\n' +
    'Lleve a revisión',
  from: '573222799548'
}
[QUEUE_SE_ENVIO]:  {
  ref: 'ans_54f9c364-cbf9-4e3f-889e-396d0c458927',
  keyword: 'key_01d3c886-428a-4187-9914-c576bcdc0b17',
  answer: '🙌 Hola ¡Bienvenido al chat de la *Papelería Universal*! 🎉🖊️',
  options: {
    media: 'https://res.cloudinary.com/dsbefctsf/image/upload/v1733254836/DEV/papelera_distribuidora_universal_cover_tpk1tf.jpg',
    buttons: [],
    capture: false,
    child: null,
    delay: 0,
    idle: null,
    ref: null,
    nested: [],
    keyword: {},
    callback: true
  },
  refSerialize: 'b90dc602318aa762e56964f294611cb1'
}
[QUEUE_SE_ENVIO]:  {
  ref: 'ans_4d1b248f-0bf0-4fc6-93ea-813482df4231',
  keyword: 'ans_54f9c364-cbf9-4e3f-889e-396d0c458927',
  answer: 'Estamos aquí para asesorarte con todo lo que necesites.\n' +
    'Nuestros asesores son:',
  options: {
    media: null,
    buttons: [],
    capture: false,
    child: null,
    delay: 1000,
    idle: null,
    ref: null,
    nested: [],
    keyword: {},
    callback: false
  },
  refSerialize: '49fd10fc22fbc42b7a72ac9c2ab38a06'
}
[QUEUE_SE_ENVIO]:  {
  ref: 'ans_949a1c9a-6a34-413f-be0d-1175279f77cd',
  keyword: 'ans_4d1b248f-0bf0-4fc6-93ea-813482df4231',
  answer: '1️⃣. *Callcenter*\n' +
    '2️⃣. *Cony*\n' +
    '3️⃣. *Jazmín*\n' +
    '4️⃣. *Jennifer*\n' +
    '5️⃣. *Karen*\n' +
    '6️⃣. *Paola*',
  options: {
    media: null,
    buttons: [],
    capture: false,
    child: null,
    delay: 0,
    idle: null,
    ref: null,
    nested: [],
    keyword: {},
    callback: false
  },
  refSerialize: '031bb5180ecb1634e1e661b14df755c3'
}
[QUEUE_SE_ENVIO]:  {
  ref: 'ans_b33e1809-8dbc-409d-85cb-7c1a1d538f6a',
  keyword: 'ans_949a1c9a-6a34-413f-be0d-1175279f77cd',
  answer: 'Selecciona tu opción de preferencia\n' +
    'Debes de responder antes de que transcurran 2 minutos',
  options: {
    media: null,
    buttons: [],
    capture: true,
    child: null,
    delay: 0,
    idle: 120000,
    ref: null,
    nested: [
      [Object], [Object], [Object],
      [Object], [Object], [Object],
      [Object], [Object], [Object],
      [Object], [Object], [Object],
      [Object], [Object], [Object],
      [Object], [Object], [Object],
      [Object], [Object], [Object]
    ],
    keyword: {},
    callback: true
  },
  refSerialize: '07d502bfe8853fca6157d63c60c17f4a'
}
[handleMsg]:  {
  key: {
    remoteJid: '573222799548@s.whatsapp.net',
    fromMe: false,
    id: '3ABE3AC2CD6BCBD1667B',
    participant: undefined
  },
  messageTimestamp: 1733492786,
  pushName: 'Mai 🦋✨',
  broadcast: false,
  message: Message {
    conversation: 'Pero ando en el hospital ahora, pero ahora que llegue a casa, me organizo y la llevo',
    messageContextInfo: MessageContextInfo {
      deviceListMetadata: [DeviceListMetadata],
      deviceListMetadataVersion: 2,
      messageSecret: [Uint8Array]
    }
  },
  body: 'Pero ando en el hospital ahora, pero ahora que llegue a casa, me organizo y la llevo',
  from: '573222799548'
}
