573135904749:ENCOLADO ans_ca7c7ae5-4485-4d4c-9bcd-1502ad9d3cb8
EJECUTANDO:ans_ca7c7ae5-4485-4d4c-9bcd-1502ad9d3cb8
573135904749:SUCCESS
573135904749:ENCOLADO ans_fc5c6715-8be5-46e7-aac9-04b6942497c2
EJECUTANDO:ans_fc5c6715-8be5-46e7-aac9-04b6942497c2
573135904749:SUCCESS
573135904749:ENCOLADO ans_b6249e93-1b29-4936-968b-abd7b2d0b9de
EJECUTANDO:ans_b6249e93-1b29-4936-968b-abd7b2d0b9de
573135904749:SUCCESS
573135904749:ENCOLADO ans_8d3e1631-ddba-4f70-9df8-a370588465b3
EJECUTANDO:ans_8d3e1631-ddba-4f70-9df8-a370588465b3
573135904749:SUCCESS
573135904749:ENCOLADO ans_0d689e76-0ad7-4c92-8dbe-66fabd11fa5a
EJECUTANDO:ans_0d689e76-0ad7-4c92-8dbe-66fabd11fa5a
573135904749:SUCCESS
573135904749:ENCOLADO ans_1e580fb9-8240-4557-89d8-2f094b06dcd3
EJECUTANDO:ans_1e580fb9-8240-4557-89d8-2f094b06dcd3
573135904749:SUCCESS
573135904749:ENCOLADO ans_1edc7bf3-88ce-42ba-b810-4aded6ad3c69
EJECUTANDO:ans_1edc7bf3-88ce-42ba-b810-4aded6ad3c69
573135904749:SUCCESS
573135904749:ENCOLADO ans_8368c449-db50-4824-acd9-6e0578b24253
EJECUTANDO:ans_8368c449-db50-4824-acd9-6e0578b24253
573135904749:SUCCESS
573135904749:ENCOLADO ans_08b2e15d-0ea5-4c0c-83d8-9bb342f0e8e0
EJECUTANDO:ans_08b2e15d-0ea5-4c0c-83d8-9bb342f0e8e0
573135904749:SUCCESS
573135904749:ENCOLADO ans_2abf9f88-70b1-45a7-94a2-8d548911411c
EJECUTANDO:ans_2abf9f88-70b1-45a7-94a2-8d548911411c
573135904749:SUCCESS
573135904749:ENCOLADO ans_ca7c7ae5-4485-4d4c-9bcd-1502ad9d3cb8
EJECUTANDO:ans_ca7c7ae5-4485-4d4c-9bcd-1502ad9d3cb8
573135904749:SUCCESS
573135904749:ENCOLADO ans_fc5c6715-8be5-46e7-aac9-04b6942497c2
EJECUTANDO:ans_fc5c6715-8be5-46e7-aac9-04b6942497c2
573135904749:SUCCESS
573135904749:ENCOLADO ans_b6249e93-1b29-4936-968b-abd7b2d0b9de
EJECUTANDO:ans_b6249e93-1b29-4936-968b-abd7b2d0b9de
573135904749:SUCCESS
573135904749:ENCOLADO ans_8d3e1631-ddba-4f70-9df8-a370588465b3
EJECUTANDO:ans_8d3e1631-ddba-4f70-9df8-a370588465b3
573135904749:SUCCESS
573148586288:ENCOLADO ans_ca7c7ae5-4485-4d4c-9bcd-1502ad9d3cb8
EJECUTANDO:ans_ca7c7ae5-4485-4d4c-9bcd-1502ad9d3cb8
573148586288:SUCCESS
573148586288:ENCOLADO ans_fc5c6715-8be5-46e7-aac9-04b6942497c2
EJECUTANDO:ans_fc5c6715-8be5-46e7-aac9-04b6942497c2
573148586288:SUCCESS
573148586288:ENCOLADO ans_b6249e93-1b29-4936-968b-abd7b2d0b9de
EJECUTANDO:ans_b6249e93-1b29-4936-968b-abd7b2d0b9de
573148586288:SUCCESS
573148586288:ENCOLADO ans_8d3e1631-ddba-4f70-9df8-a370588465b3
EJECUTANDO:ans_8d3e1631-ddba-4f70-9df8-a370588465b3
573148586288:SUCCESS
573148586288:ENCOLADO ans_0d689e76-0ad7-4c92-8dbe-66fabd11fa5a
EJECUTANDO:ans_0d689e76-0ad7-4c92-8dbe-66fabd11fa5a
573148586288:SUCCESS
573148586288:ENCOLADO ans_1e580fb9-8240-4557-89d8-2f094b06dcd3
EJECUTANDO:ans_1e580fb9-8240-4557-89d8-2f094b06dcd3
573148586288:SUCCESS
573148586288:ENCOLADO ans_1edc7bf3-88ce-42ba-b810-4aded6ad3c69
EJECUTANDO:ans_1edc7bf3-88ce-42ba-b810-4aded6ad3c69
573148586288:SUCCESS
573148586288:ENCOLADO ans_e878e073-c5f6-4edb-a205-235d79205a29
EJECUTANDO:ans_e878e073-c5f6-4edb-a205-235d79205a29
573148586288:SUCCESS
573148586288:ENCOLADO ans_609293db-a347-4e51-a121-4e2132257cdc
EJECUTANDO:ans_609293db-a347-4e51-a121-4e2132257cdc
573148586288:SUCCESS
573148586288:ENCOLADO ans_e2f40a64-744f-4e3f-b1ba-15005346122b
EJECUTANDO:ans_e2f40a64-744f-4e3f-b1ba-15005346122b
573148586288:SUCCESS
573148586288:ENCOLADO ans_ca7c7ae5-4485-4d4c-9bcd-1502ad9d3cb8
EJECUTANDO:ans_ca7c7ae5-4485-4d4c-9bcd-1502ad9d3cb8
573148586288:SUCCESS
573148586288:ENCOLADO ans_fc5c6715-8be5-46e7-aac9-04b6942497c2
EJECUTANDO:ans_fc5c6715-8be5-46e7-aac9-04b6942497c2
573148586288:SUCCESS
573148586288:ENCOLADO ans_b6249e93-1b29-4936-968b-abd7b2d0b9de
EJECUTANDO:ans_b6249e93-1b29-4936-968b-abd7b2d0b9de
573148586288:SUCCESS
573148586288:ENCOLADO ans_8d3e1631-ddba-4f70-9df8-a370588465b3
EJECUTANDO:ans_8d3e1631-ddba-4f70-9df8-a370588465b3
573148586288:SUCCESS
573148586288:ENCOLADO ans_0d689e76-0ad7-4c92-8dbe-66fabd11fa5a
EJECUTANDO:ans_0d689e76-0ad7-4c92-8dbe-66fabd11fa5a
573148586288:SUCCESS
573148586288:ENCOLADO ans_1e580fb9-8240-4557-89d8-2f094b06dcd3
EJECUTANDO:ans_1e580fb9-8240-4557-89d8-2f094b06dcd3
573148586288:SUCCESS
573148586288:ENCOLADO ans_1edc7bf3-88ce-42ba-b810-4aded6ad3c69
EJECUTANDO:ans_1edc7bf3-88ce-42ba-b810-4aded6ad3c69
573148586288:SUCCESS
573136856619:ENCOLADO ans_ca7c7ae5-4485-4d4c-9bcd-1502ad9d3cb8
EJECUTANDO:ans_ca7c7ae5-4485-4d4c-9bcd-1502ad9d3cb8
573136856619:SUCCESS
573136856619:ENCOLADO ans_fc5c6715-8be5-46e7-aac9-04b6942497c2
EJECUTANDO:ans_fc5c6715-8be5-46e7-aac9-04b6942497c2
573136856619:SUCCESS
573136856619:ENCOLADO ans_b6249e93-1b29-4936-968b-abd7b2d0b9de
EJECUTANDO:ans_b6249e93-1b29-4936-968b-abd7b2d0b9de
573136856619:SUCCESS
573136856619:ENCOLADO ans_8d3e1631-ddba-4f70-9df8-a370588465b3
EJECUTANDO:ans_8d3e1631-ddba-4f70-9df8-a370588465b3
573136856619:SUCCESS
573136856619:ENCOLADO ans_0d689e76-0ad7-4c92-8dbe-66fabd11fa5a
EJECUTANDO:ans_0d689e76-0ad7-4c92-8dbe-66fabd11fa5a
573136856619:SUCCESS
573136856619:ENCOLADO ans_1e580fb9-8240-4557-89d8-2f094b06dcd3
EJECUTANDO:ans_1e580fb9-8240-4557-89d8-2f094b06dcd3
573136856619:SUCCESS
573136856619:ENCOLADO ans_1edc7bf3-88ce-42ba-b810-4aded6ad3c69
EJECUTANDO:ans_1edc7bf3-88ce-42ba-b810-4aded6ad3c69
573136856619:SUCCESS
573136856619:ENCOLADO ans_ca7c7ae5-4485-4d4c-9bcd-1502ad9d3cb8
EJECUTANDO:ans_ca7c7ae5-4485-4d4c-9bcd-1502ad9d3cb8
573136856619:SUCCESS
573136856619:ENCOLADO ans_fc5c6715-8be5-46e7-aac9-04b6942497c2
EJECUTANDO:ans_fc5c6715-8be5-46e7-aac9-04b6942497c2
573136856619:SUCCESS
573136856619:ENCOLADO ans_b6249e93-1b29-4936-968b-abd7b2d0b9de
EJECUTANDO:ans_b6249e93-1b29-4936-968b-abd7b2d0b9de
573136856619:SUCCESS
573136856619:ENCOLADO ans_8d3e1631-ddba-4f70-9df8-a370588465b3
EJECUTANDO:ans_8d3e1631-ddba-4f70-9df8-a370588465b3
573136856619:SUCCESS
573217805098:ENCOLADO ans_ca7c7ae5-4485-4d4c-9bcd-1502ad9d3cb8
EJECUTANDO:ans_ca7c7ae5-4485-4d4c-9bcd-1502ad9d3cb8
573217805098:SUCCESS
573217805098:ENCOLADO ans_fc5c6715-8be5-46e7-aac9-04b6942497c2
EJECUTANDO:ans_fc5c6715-8be5-46e7-aac9-04b6942497c2
573217805098:SUCCESS
573217805098:ENCOLADO ans_b6249e93-1b29-4936-968b-abd7b2d0b9de
EJECUTANDO:ans_b6249e93-1b29-4936-968b-abd7b2d0b9de
573217805098:SUCCESS
573217805098:ENCOLADO ans_8d3e1631-ddba-4f70-9df8-a370588465b3
EJECUTANDO:ans_8d3e1631-ddba-4f70-9df8-a370588465b3
573217805098:SUCCESS
573217805098:ENCOLADO ans_0d689e76-0ad7-4c92-8dbe-66fabd11fa5a
EJECUTANDO:ans_0d689e76-0ad7-4c92-8dbe-66fabd11fa5a
573217805098:SUCCESS
573217805098:ENCOLADO ans_1e580fb9-8240-4557-89d8-2f094b06dcd3
EJECUTANDO:ans_1e580fb9-8240-4557-89d8-2f094b06dcd3
573217805098:SUCCESS
573217805098:ENCOLADO ans_1edc7bf3-88ce-42ba-b810-4aded6ad3c69
EJECUTANDO:ans_1edc7bf3-88ce-42ba-b810-4aded6ad3c69
573217805098:SUCCESS
573217805098:ENCOLADO ans_ca7c7ae5-4485-4d4c-9bcd-1502ad9d3cb8
EJECUTANDO:ans_ca7c7ae5-4485-4d4c-9bcd-1502ad9d3cb8
573217805098:SUCCESS
573217805098:ENCOLADO ans_fc5c6715-8be5-46e7-aac9-04b6942497c2
EJECUTANDO:ans_fc5c6715-8be5-46e7-aac9-04b6942497c2
573217805098:SUCCESS
573217805098:ENCOLADO ans_b6249e93-1b29-4936-968b-abd7b2d0b9de
EJECUTANDO:ans_b6249e93-1b29-4936-968b-abd7b2d0b9de
573217805098:SUCCESS
573217805098:ENCOLADO ans_8d3e1631-ddba-4f70-9df8-a370588465b3
EJECUTANDO:ans_8d3e1631-ddba-4f70-9df8-a370588465b3
573217805098:SUCCESS
573217805098:ENCOLADO ans_0d689e76-0ad7-4c92-8dbe-66fabd11fa5a
EJECUTANDO:ans_0d689e76-0ad7-4c92-8dbe-66fabd11fa5a
573217805098:SUCCESS
573217805098:ENCOLADO ans_1e580fb9-8240-4557-89d8-2f094b06dcd3
EJECUTANDO:ans_1e580fb9-8240-4557-89d8-2f094b06dcd3
573217805098:SUCCESS
573217805098:ENCOLADO ans_1edc7bf3-88ce-42ba-b810-4aded6ad3c69
EJECUTANDO:ans_1edc7bf3-88ce-42ba-b810-4aded6ad3c69
573217805098:SUCCESS
573182175736:ENCOLADO ans_ca7c7ae5-4485-4d4c-9bcd-1502ad9d3cb8
EJECUTANDO:ans_ca7c7ae5-4485-4d4c-9bcd-1502ad9d3cb8
573182175736:SUCCESS
573182175736:ENCOLADO ans_fc5c6715-8be5-46e7-aac9-04b6942497c2
EJECUTANDO:ans_fc5c6715-8be5-46e7-aac9-04b6942497c2
573182175736:SUCCESS
573182175736:ENCOLADO ans_b6249e93-1b29-4936-968b-abd7b2d0b9de
EJECUTANDO:ans_b6249e93-1b29-4936-968b-abd7b2d0b9de
573182175736:SUCCESS
573182175736:ENCOLADO ans_8d3e1631-ddba-4f70-9df8-a370588465b3
EJECUTANDO:ans_8d3e1631-ddba-4f70-9df8-a370588465b3
573182175736:SUCCESS
573113103619:ENCOLADO ans_ca7c7ae5-4485-4d4c-9bcd-1502ad9d3cb8
EJECUTANDO:ans_ca7c7ae5-4485-4d4c-9bcd-1502ad9d3cb8
573113103619:SUCCESS
573113103619:ENCOLADO ans_fc5c6715-8be5-46e7-aac9-04b6942497c2
EJECUTANDO:ans_fc5c6715-8be5-46e7-aac9-04b6942497c2
573113103619:SUCCESS
573113103619:ENCOLADO ans_b6249e93-1b29-4936-968b-abd7b2d0b9de
EJECUTANDO:ans_b6249e93-1b29-4936-968b-abd7b2d0b9de
573113103619:SUCCESS
573113103619:ENCOLADO ans_8d3e1631-ddba-4f70-9df8-a370588465b3
EJECUTANDO:ans_8d3e1631-ddba-4f70-9df8-a370588465b3
573113103619:SUCCESS
